Started by user [8mha:////4P0s7hGjA9VljF4c+Hu91PaVlAz/nad31wngZ9nOeP3iAAAAlx+LCAAAAAAAAP9b85aBtbiIQTGjNKU4P08vOT+vOD8nVc83PyU1x6OyILUoJzMv2y+/JJUBAhiZGBgqihhk0NSjKDWzXb3RdlLBUSYGJk8GtpzUvPSSDB8G5tKinBIGIZ+sxLJE/ZzEvHT94JKizLx0a6BxUmjGOUNodHsLgAzWEgZu/dLi1CJ9x5TczDwAi45d7MAAAAA=[0madmin
[EnvInject] - Loading node environment variables.
Building in workspace C:\Program Files (x86)\Jenkins\workspace\TestJob
 > git.exe rev-parse --is-inside-work-tree # timeout=10
Fetching changes from the remote Git repository
 > git.exe config remote.origin.url https://github.com/ttshmily/serviceapi.git # timeout=10
Fetching upstream changes from https://github.com/ttshmily/serviceapi.git
 > git.exe --version # timeout=10
 > git.exe fetch --tags --progress https://github.com/ttshmily/serviceapi.git +refs/heads/*:refs/remotes/origin/*
 > git.exe rev-parse "refs/remotes/origin/dev^{commit}" # timeout=10
 > git.exe rev-parse "refs/remotes/origin/origin/dev^{commit}" # timeout=10
Checking out Revision 88b4f6105e2fe0029b455c0905b4f7203f99deb3 (refs/remotes/origin/dev)
Commit message: "src/test/java/com/mingyizhudao/qa/testcase/doctor/GetDoctorProfile.java"
 > git.exe config core.sparsecheckout # timeout=10
 > git.exe checkout -f 88b4f6105e2fe0029b455c0905b4f7203f99deb3
 > git.exe rev-list 88b4f6105e2fe0029b455c0905b4f7203f99deb3 # timeout=10
[TestJob] $ cmd /c call C:\Windows\TEMP\jenkins6045280619512210352.bat

C:\Program Files (x86)\Jenkins\workspace\TestJob>mvn test -DsuiteFilename=all.xml 
[INFO] Scanning for projects...
[INFO]                                                                         
[INFO] ------------------------------------------------------------------------
[INFO] Building serviceapi 1.0-SNAPSHOT
[INFO] ------------------------------------------------------------------------
[INFO] 
[INFO] --- maven-resources-plugin:3.0.2:resources (default-resources) @ serviceapi ---
[INFO] Using 'UTF-8' encoding to copy filtered resources.
[INFO] skip non existing resourceDirectory C:\Program Files (x86)\Jenkins\workspace\TestJob\src\main\resources
[INFO] 
[INFO] --- maven-compiler-plugin:3.6.1:compile (default-compile) @ serviceapi ---
[INFO] No sources to compile
[INFO] 
[INFO] --- maven-resources-plugin:3.0.2:testResources (default-testResources) @ serviceapi ---
[INFO] Using 'UTF-8' encoding to copy filtered resources.
[INFO] Copying 16 resources
[INFO] Copying 4 resources
[INFO] 
[INFO] --- maven-compiler-plugin:3.6.1:testCompile (default-testCompile) @ serviceapi ---
[INFO] Nothing to compile - all classes are up to date
[INFO] 
[INFO] --- maven-surefire-plugin:2.19.1:test (default-test) @ serviceapi ---

-------------------------------------------------------
 T E S T S
-------------------------------------------------------
Running TestSuite
[INFO][SendVerifyCode] è¯·æ±‚éªŒè¯ç åˆ°æ‰‹æœºå·13040979999 ...
[INFO][HttpRequest] å‘é€è¯·æ±‚: >>>>>  POST http://login.dev.myzd.info/api/login/sendVerifyCode
[INFO][HttpRequest] è¯·æ±‚æ•°æ®: >>>>>  {"mobile":"13040979999"}
[INFO][HttpRequest] ç­‰å¾…å›åº”: <<<<<  200 null
[INFO][HttpRequest] å“åº”æ—¶é—´: <<<<<  6 ms
[INFO][SendVerifyCode] mobileæ˜¯: 13040979999...è¯·å‘é€éªŒè¯ç åˆ°æœåŠ¡å™¨è¿›è¡ŒéªŒè¯
[INFO][CheckVerifyCode] å‘é€çŸ­ä¿¡éªŒè¯ç åˆ°æœåŠ¡å™¨è¿›è¡ŒéªŒè¯...
[INFO][HttpRequest] å‘é€è¯·æ±‚: >>>>>  POST http://login.dev.myzd.info/api/login/checkVerifyCode
[INFO][HttpRequest] è¯·æ±‚æ•°æ®: >>>>>  {"mobile":"13040979999","code":"123456","state":"test"}
[INFO][HttpRequest] ç­‰å¾…å›åº”: <<<<<  200 null
[INFO][HttpRequest] å“åº”æ—¶é—´: <<<<<  68 ms
[INFO][CheckVerifyCode] tokenæ˜¯: eyJ0eXAiOiJKV1QiLCJzcmMiOiIiLCJhbGciOiJIUzI1NiIsInNpZCI6ImUyMGUzOGFhIn0.eyJ1aWQiOiIzMjY5IiwibW9iaWxlIjoiMTMwNDA5Nzk5OTkiLCJleHAiOjE1MDA0NDk5MTAsImlhdCI6MTUwMDM2MzUxMH0._-4mmAq8ayXNHD0P0fHU_KUdnkPaZuLWmhRYYdwJWkI
[INFO][HttpRequest] å‘é€è¯·æ±‚: >>>>>  GET http://services.dev.myzd.info/doctor/api/getdoctorprofile
[INFO][HttpRequest] è¯·æ±‚æ•°æ®: >>>>>  
[INFO][HttpRequest] ç­‰å¾…å›åº”: <<<<<  200 OK
[INFO][HttpRequest] å“åº”æ—¶é—´: <<<<<  2150 ms
[INFO][BaseTest] æ›´æ–°åŒ»ç”Ÿä¿¡æ¯...
[INFO][HttpRequest] å‘é€è¯·æ±‚: >>>>>  POST http://services.dev.myzd.info/doctor/api/updatedoctorprofile
[INFO][HttpRequest] è¯·æ±‚æ•°æ®: >>>>>  {"doctor":{"name":"åº„æ•Np","department":"èƒ¸å¤–ç§‘","major_id":"69","academic_title_list":"LECTURER","medical_title_list":"SUPERVISOR_NURSE","hospital_id":"8752","inviter_no":"SH0098"}}
[INFO][HttpRequest] ç­‰å¾…å›åº”: <<<<<  200 OK
[INFO][HttpRequest] å“åº”æ—¶é—´: <<<<<  618 ms
[INFO][UpdateDoctorProfile] æ›´æ–°åŒ»ç”Ÿä¿¡æ¯æˆåŠŸ
[INFO][HttpRequest] å‘é€è¯·æ±‚: >>>>>  GET http://services.dev.myzd.info/doctor/api/getdoctorprofile
[INFO][HttpRequest] è¯·æ±‚æ•°æ®: >>>>>  
[INFO][HttpRequest] ç­‰å¾…å›åº”: <<<<<  200 OK
[INFO][HttpRequest] å“åº”æ—¶é—´: <<<<<  86 ms
[INFO][BaseTest] mainDoctorIdä¸º:	3269
[INFO][BaseTest] mainDoctorNameä¸º:	åº„æ•Np
[INFO][BaseTest] mainDoctorHospitalIdä¸º:	8752
[INFO][BaseTest] mainDoctorHospitalNameä¸º:	å›½è¥ä¸ƒäº”äºŒå‚èŒå·¥åŒ»é™¢
[INFO][HttpRequest] å‘é€è¯·æ±‚: >>>>>  GET http://services.dev.myzd.info/crm/api/v1/doctors/3269/profiles
[INFO][HttpRequest] è¯·æ±‚æ•°æ®: >>>>>  
[INFO][HttpRequest] ç­‰å¾…å›åº”: <<<<<  200 OK
[INFO][HttpRequest] å“åº”æ—¶é—´: <<<<<  139 ms
[DEBUG][RegisteredDoctor_Certify_V2] {"code":1000000,"message":"æˆåŠŸ","data":{"user_id":3269,"mobile":"13040979999","name":"åº„æ•Np","hospital_id":8752,"hospital_name":"å›½è¥ä¸ƒäº”äºŒå‚èŒå·¥åŒ»é™¢","department":"èƒ¸å¤–ç§‘","major_id":69,"major_name":"å…¶ä»–ç–¾ç—…","academic_title":"è®²å¸ˆ","medical_title":"ä¸»ç®¡æŠ¤å¸ˆ","inviter_no":"SH0098","inviter_name":"ç‹ç£Š","province":"æ¹–åŒ—","city":"æ­¦æ±‰","is_verified":"2","date_verified":null,"created_at":"2017-07-18 15:38:32","modified_at":"2017-07-18 15:38:32","is_famous":0,"signed_status":"NOT_SIGNED","doctor_card_pictures":[],"doctor_card_pictures_deleted":null,"experted_authentication_pictures":null,"experted_authentication_pictures_deleted":null,"academic_title_list":"LECTURER","medical_title_list":"SUPERVISOR_NURSE","city_id":420100,"create_order_time":null,"icon":null,"register_id":null,"signed_time":null,"order_count":0,"province_id":420000,"user_visible":0,"audit_time":null,"exp_list":null,"audit_state":"AUDIT_GNOT","inviter_mobile":"18721832484"}}
[INFO][HttpRequest] å‘é€è¯·æ±‚: >>>>>  PUT http://services.dev.myzd.info/crm/api/v1/doctors/3269/verificationssynchronization
[INFO][HttpRequest] è¯·æ±‚æ•°æ®: >>>>>  {"status":"1","reason":"ç¨‹åºè®¤è¯æ³¨å†ŒåŒ»ç”Ÿå¹¶å…³è”åˆ°åŒ»åº“"}
[INFO][HttpRequest] ç­‰å¾…å›åº”: <<<<<  200 OK
[INFO][HttpRequest] å“åº”æ—¶é—´: <<<<<  76 ms
[DEBUG][RegisteredDoctor_Certify_V2] {"code":3110006,"message":"Token æ— æ•ˆ"}
[INFO][HttpRequest] å‘é€è¯·æ±‚: >>>>>  GET http://services.dev.myzd.info/crm/api/v1/doctors/3269/profiles
[INFO][HttpRequest] è¯·æ±‚æ•°æ®: >>>>>  
[INFO][HttpRequest] ç­‰å¾…å›åº”: <<<<<  200 OK
[INFO][HttpRequest] å“åº”æ—¶é—´: <<<<<  54 ms
[DEBUG][RegisteredDoctor_Certify_V2] {"code":3110006,"message":"Token æ— æ•ˆ"}
Tests run: 263, Failures: 1, Errors: 0, Skipped: 262, Time elapsed: 5.894 sec <<< FAILURE! - in TestSuite
setUpSuite(com.mingyizhudao.qa.testcase.doctor.UpdateMedicalRecords)  Time elapsed: 5.211 sec  <<< FAILURE!
java.lang.NullPointerException

Picked up JAVA_TOOL_OPTIONS: -Dfile.encoding=UTF8

Results :

Failed tests: 
  UpdateMedicalRecords>BaseTest.setUpSuite:128 Â» NullPointer

Tests run: 135, Failures: 1, Errors: 0, Skipped: 134

[INFO] ------------------------------------------------------------------------
[INFO] BUILD FAILURE
[INFO] ------------------------------------------------------------------------
[INFO] Total time: 12.464 s
[INFO] Finished at: 2017-07-18T15:38:39+08:00
[INFO] Final Memory: 10M/124M
[INFO] ------------------------------------------------------------------------
[ERROR] Failed to execute goal org.apache.maven.plugins:maven-surefire-plugin:2.19.1:test (default-test) on project serviceapi: There are test failures.
[ERROR] 
[ERROR] Please refer to C:\Program Files (x86)\Jenkins\workspace\TestJob\target\surefire-reports for the individual test results.
[ERROR] -> [Help 1]
[ERROR] 
[ERROR] To see the full stack trace of the errors, re-run Maven with the -e switch.
[ERROR] Re-run Maven using the -X switch to enable full debug logging.
[ERROR] 
[ERROR] For more information about the errors and possible solutions, please read the following articles:
[ERROR] [Help 1] http://cwiki.apache.org/confluence/display/MAVEN/MojoFailureException
Picked up JAVA_TOOL_OPTIONS: -Dfile.encoding=UTF8
Build step 'Execute Windows batch command' marked build as failure
Recording test results
Finished: FAILURE
