Started by user [8mha:////4P0s7hGjA9VljF4c+Hu91PaVlAz/nad31wngZ9nOeP3iAAAAlx+LCAAAAAAAAP9b85aBtbiIQTGjNKU4P08vOT+vOD8nVc83PyU1x6OyILUoJzMv2y+/JJUBAhiZGBgqihhk0NSjKDWzXb3RdlLBUSYGJk8GtpzUvPSSDB8G5tKinBIGIZ+sxLJE/ZzEvHT94JKizLx0a6BxUmjGOUNodHsLgAzWEgZu/dLi1CJ9x5TczDwAi45d7MAAAAA=[0madmin
[EnvInject] - Loading node environment variables.
Building in workspace C:\Program Files (x86)\Jenkins\workspace\TestJob
 > git.exe rev-parse --is-inside-work-tree # timeout=10
Fetching changes from the remote Git repository
 > git.exe config remote.origin.url https://github.com/ttshmily/serviceapi.git # timeout=10
Fetching upstream changes from https://github.com/ttshmily/serviceapi.git
 > git.exe --version # timeout=10
 > git.exe fetch --tags --progress https://github.com/ttshmily/serviceapi.git +refs/heads/*:refs/remotes/origin/*
 > git.exe rev-parse "refs/remotes/origin/dev^{commit}" # timeout=10
 > git.exe rev-parse "refs/remotes/origin/origin/dev^{commit}" # timeout=10
Checking out Revision 1695572493571d80663c9beb4ef22bcbe3ce8989 (refs/remotes/origin/dev)
Commit message: "add cases"
 > git.exe config core.sparsecheckout # timeout=10
 > git.exe checkout -f 1695572493571d80663c9beb4ef22bcbe3ce8989
First time build. Skipping changelog.
[TestJob] $ cmd /c call C:\Windows\TEMP\jenkins6348126464581790098.bat

C:\Program Files (x86)\Jenkins\workspace\TestJob>mvn test -DsuiteFilename=all.xml 
[INFO] Scanning for projects...
[INFO]                                                                         
[INFO] ------------------------------------------------------------------------
[INFO] Building serviceapi 1.0-SNAPSHOT
[INFO] ------------------------------------------------------------------------
[INFO] 
[INFO] --- maven-resources-plugin:3.0.2:resources (default-resources) @ serviceapi ---
[INFO] Using 'UTF-8' encoding to copy filtered resources.
[INFO] skip non existing resourceDirectory C:\Program Files (x86)\Jenkins\workspace\TestJob\src\main\resources
[INFO] 
[INFO] --- maven-compiler-plugin:3.6.1:compile (default-compile) @ serviceapi ---
[INFO] No sources to compile
[INFO] 
[INFO] --- maven-resources-plugin:3.0.2:testResources (default-testResources) @ serviceapi ---
[INFO] Using 'UTF-8' encoding to copy filtered resources.
[INFO] Copying 16 resources
[INFO] Copying 3 resources
[INFO] 
[INFO] --- maven-compiler-plugin:3.6.1:testCompile (default-testCompile) @ serviceapi ---
[INFO] Nothing to compile - all classes are up to date
[INFO] 
[INFO] --- maven-surefire-plugin:2.19.1:test (default-test) @ serviceapi ---

-------------------------------------------------------
 T E S T S
-------------------------------------------------------
Running TestSuite
[INFO][SendVerifyCode] è¯·æ±‚éªŒè¯ç åˆ°æ‰‹æœºå·13011719999 ...
[INFO][HttpRequest] å‘é€è¯·æ±‚: >>>>>  POST http://login.dev.myzd.info/api/login/sendVerifyCode
[INFO][HttpRequest] è¯·æ±‚æ•°æ®: >>>>>  {"mobile":"13011719999"}
[INFO][HttpRequest] ç­‰å¾…å›åº”: <<<<<  200 null
[INFO][HttpRequest] å“åº”æ—¶é—´: <<<<<  49 ms
[INFO][SendVerifyCode] mobileæ˜¯: 13011719999...è¯·å‘é€éªŒè¯ç åˆ°æœåŠ¡å™¨è¿›è¡ŒéªŒè¯
[INFO][CheckVerifyCode] å‘é€çŸ­ä¿¡éªŒè¯ç åˆ°æœåŠ¡å™¨è¿›è¡ŒéªŒè¯...
[INFO][HttpRequest] å‘é€è¯·æ±‚: >>>>>  POST http://login.dev.myzd.info/api/login/checkVerifyCode
[INFO][HttpRequest] è¯·æ±‚æ•°æ®: >>>>>  {"mobile":"13011719999","code":"123456","state":"test"}
[INFO][HttpRequest] ç­‰å¾…å›åº”: <<<<<  200 null
[INFO][HttpRequest] å“åº”æ—¶é—´: <<<<<  76 ms
[INFO][CheckVerifyCode] tokenæ˜¯: eyJ0eXAiOiJKV1QiLCJzcmMiOiIiLCJhbGciOiJIUzI1NiIsInNpZCI6IjE3ZDk2YmQ2In0.eyJ1aWQiOiIzMTY2IiwibW9iaWxlIjoiMTMwMTE3MTk5OTkiLCJleHAiOjE0OTk4MzIwMzcsImlhdCI6MTQ5OTc0NTYzN30.9gUAGtFTjuBAjT04LcF_Gtxyiw3zNpHRZxGvSeIWL1I
[INFO][HttpRequest] å‘é€è¯·æ±‚: >>>>>  GET http://services.dev.myzd.info/doctor/api/getdoctorprofile
[INFO][HttpRequest] è¯·æ±‚æ•°æ®: >>>>>  
[INFO][HttpRequest] ç­‰å¾…å›åº”: <<<<<  200 OK
[INFO][HttpRequest] å“åº”æ—¶é—´: <<<<<  2159 ms
[INFO][BaseTest] æ›´æ–°åŒ»ç”Ÿä¿¡æ¯...
[INFO][HttpRequest] å‘é€è¯·æ±‚: >>>>>  POST http://services.dev.myzd.info/doctor/api/updatedoctorprofile
[INFO][HttpRequest] è¯·æ±‚æ•°æ®: >>>>>  {"doctor":{"name":"åº„æ•oE","department":"èƒ¸å¤–ç§‘","major_id":"54","academic_title_list":"LECTURER","medical_title_list":"ASSOCIATE_ARCHIATER","hospital_id":"13849","inviter_no":"SH0031"}}
[INFO][HttpRequest] ç­‰å¾…å›åº”: <<<<<  200 OK
[INFO][HttpRequest] å“åº”æ—¶é—´: <<<<<  351 ms
[INFO][UpdateDoctorProfile] æ›´æ–°åŒ»ç”Ÿä¿¡æ¯æˆåŠŸ
[INFO][HttpRequest] å‘é€è¯·æ±‚: >>>>>  GET http://services.dev.myzd.info/doctor/api/getdoctorprofile
[INFO][HttpRequest] è¯·æ±‚æ•°æ®: >>>>>  
[INFO][HttpRequest] ç­‰å¾…å›åº”: <<<<<  200 OK
[INFO][HttpRequest] å“åº”æ—¶é—´: <<<<<  91 ms
[INFO][BaseTest] mainDoctorIdä¸º:	3166
[INFO][BaseTest] mainDoctorNameä¸º:	åº„æ•oE
[INFO][BaseTest] mainDoctorHospitalIdä¸º:	13849
[INFO][BaseTest] mainDoctorHospitalNameä¸º:	ç›åŸåº·å®‰éª¨ç§‘åŒ»é™¢
[INFO][HttpRequest] å‘é€è¯·æ±‚: >>>>>  GET http://services.dev.myzd.info/crm/api/v1/doctors/3166/profiles
[INFO][HttpRequest] è¯·æ±‚æ•°æ®: >>>>>  
[INFO][HttpRequest] ç­‰å¾…å›åº”: <<<<<  200 OK
[INFO][HttpRequest] å“åº”æ—¶é—´: <<<<<  55 ms
[DEBUG][RegisteredDoctor_Certify_V2] {"code":3110005,"message":"Token å·²è¿‡æœŸ"}
Tests run: 263, Failures: 1, Errors: 0, Skipped: 262, Time elapsed: 4.051 sec <<< FAILURE! - in TestSuite
setUpSuite(com.mingyizhudao.qa.testcase.doctor.UpdateMedicalRecords)  Time elapsed: 3.54 sec  <<< FAILURE!
java.lang.NullPointerException

Picked up JAVA_TOOL_OPTIONS: -Dfile.encoding=UTF8

Results :

Failed tests: 
  UpdateMedicalRecords>BaseTest.setUpSuite:127 Â» NullPointer

Tests run: 135, Failures: 1, Errors: 0, Skipped: 134

[INFO] ------------------------------------------------------------------------
[INFO] BUILD FAILURE
[INFO] ------------------------------------------------------------------------
[INFO] Total time: 7.088 s
[INFO] Finished at: 2017-07-11T12:00:41+08:00
[INFO] Final Memory: 15M/221M
[INFO] ------------------------------------------------------------------------
[ERROR] Failed to execute goal org.apache.maven.plugins:maven-surefire-plugin:2.19.1:test (default-test) on project serviceapi: There are test failures.
[ERROR] 
[ERROR] Please refer to C:\Program Files (x86)\Jenkins\workspace\TestJob\target\surefire-reports for the individual test results.
[ERROR] -> [Help 1]
[ERROR] 
[ERROR] To see the full stack trace of the errors, re-run Maven with the -e switch.
[ERROR] Re-run Maven using the -X switch to enable full debug logging.
[ERROR] 
[ERROR] For more information about the errors and possible solutions, please read the following articles:
[ERROR] [Help 1] http://cwiki.apache.org/confluence/display/MAVEN/MojoFailureException
Picked up JAVA_TOOL_OPTIONS: -Dfile.encoding=UTF8
Build step 'Execute Windows batch command' marked build as failure
Finished: FAILURE
