Started by user [8mha:////4P0s7hGjA9VljF4c+Hu91PaVlAz/nad31wngZ9nOeP3iAAAAlx+LCAAAAAAAAP9b85aBtbiIQTGjNKU4P08vOT+vOD8nVc83PyU1x6OyILUoJzMv2y+/JJUBAhiZGBgqihhk0NSjKDWzXb3RdlLBUSYGJk8GtpzUvPSSDB8G5tKinBIGIZ+sxLJE/ZzEvHT94JKizLx0a6BxUmjGOUNodHsLgAzWEgZu/dLi1CJ9x5TczDwAi45d7MAAAAA=[0madmin
[EnvInject] - Loading node environment variables.
Building in workspace C:\Program Files (x86)\Jenkins\workspace\testShell
Cloning the remote Git repository
Cloning repository https://github.com/ttshmily/serviceapi.git
 > git.exe init C:\Program Files (x86)\Jenkins\workspace\testShell # timeout=10
Fetching upstream changes from https://github.com/ttshmily/serviceapi.git
 > git.exe --version # timeout=10
 > git.exe fetch --tags --progress https://github.com/ttshmily/serviceapi.git +refs/heads/*:refs/remotes/origin/*
 > git.exe config remote.origin.url https://github.com/ttshmily/serviceapi.git # timeout=10
 > git.exe config --add remote.origin.fetch +refs/heads/*:refs/remotes/origin/* # timeout=10
 > git.exe config remote.origin.url https://github.com/ttshmily/serviceapi.git # timeout=10
Fetching upstream changes from https://github.com/ttshmily/serviceapi.git
 > git.exe fetch --tags --progress https://github.com/ttshmily/serviceapi.git +refs/heads/*:refs/remotes/origin/*
 > git.exe rev-parse "refs/remotes/origin/dev^{commit}" # timeout=10
 > git.exe rev-parse "refs/remotes/origin/origin/dev^{commit}" # timeout=10
Checking out Revision 88b4f6105e2fe0029b455c0905b4f7203f99deb3 (refs/remotes/origin/dev)
Commit message: "src/test/java/com/mingyizhudao/qa/testcase/doctor/GetDoctorProfile.java"
 > git.exe config core.sparsecheckout # timeout=10
 > git.exe checkout -f 88b4f6105e2fe0029b455c0905b4f7203f99deb3
First time build. Skipping changelog.
[testShell] $ sh -xe C:\Windows\TEMP\jenkins70316945252274734.sh
The system cannot find the file specified
FATAL: command execution failed
[8mha:////4OdUEiXNus/fjvSg6mLQ+8k3SMsJNX7SwJsDtvVyRvCcAAAAVx+LCAAAAAAAAP9b85aBtbiIQSmjNKU4P08vOT+vOD8nVc8DzHWtSE4tKMnMz/PLL0mV3NWzufebKBsTA0NFEYMUmgZnCA1SyAABjCCFBQC2xNaiYAAAAA==[0mjava.io.IOException: CreateProcess error=2, Á≥ªÁªüÊâæ‰∏çÂà∞ÊåáÂÆöÁöÑÊñá‰ª∂„ÄÇ
	at java.lang.ProcessImpl.create(Native Method)
	at java.lang.ProcessImpl.<init>(Unknown Source)
	at java.lang.ProcessImpl.start(Unknown Source)
Caused: java.io.IOException: Cannot run program "sh" (in directory "C:\Program Files (x86)\Jenkins\workspace\testShell"): CreateProcess error=2, Á≥ªÁªüÊâæ‰∏çÂà∞ÊåáÂÆöÁöÑÊñá‰ª∂„ÄÇ
	at java.lang.ProcessBuilder.start(Unknown Source)
	at hudson.Proc$LocalProc.<init>(Proc.java:245)
	at hudson.Proc$LocalProc.<init>(Proc.java:214)
	at hudson.Launcher$LocalLauncher.launch(Launcher.java:858)
	at hudson.Launcher$ProcStarter.start(Launcher.java:385)
	at hudson.tasks.CommandInterpreter.perform(CommandInterpreter.java:109)
	at hudson.tasks.CommandInterpreter.perform(CommandInterpreter.java:66)
	at hudson.tasks.BuildStepMonitor$1.perform(BuildStepMonitor.java:20)
	at hudson.model.AbstractBuild$AbstractBuildExecution.perform(AbstractBuild.java:730)
	at hudson.model.Build$BuildExecution.build(Build.java:206)
	at hudson.model.Build$BuildExecution.doRun(Build.java:163)
	at hudson.model.AbstractBuild$AbstractBuildExecution.run(AbstractBuild.java:490)
	at hudson.model.Run.execute(Run.java:1735)
	at hudson.model.FreeStyleBuild.run(FreeStyleBuild.java:43)
	at hudson.model.ResourceController.execute(ResourceController.java:97)
	at hudson.model.Executor.run(Executor.java:415)
Build step 'Execute shell' marked build as failure
Finished: FAILURE
