Started by user [8mha:////4P0s7hGjA9VljF4c+Hu91PaVlAz/nad31wngZ9nOeP3iAAAAlx+LCAAAAAAAAP9b85aBtbiIQTGjNKU4P08vOT+vOD8nVc83PyU1x6OyILUoJzMv2y+/JJUBAhiZGBgqihhk0NSjKDWzXb3RdlLBUSYGJk8GtpzUvPSSDB8G5tKinBIGIZ+sxLJE/ZzEvHT94JKizLx0a6BxUmjGOUNodHsLgAzWEgZu/dLi1CJ9x5TczDwAi45d7MAAAAA=[0madmin
[EnvInject] - Loading node environment variables.
Building in workspace C:\Program Files (x86)\Jenkins\workspace\TestJob
Cloning the remote Git repository
Cloning repository https://github.com/ttshmily/serviceapi.git
 > git.exe init C:\Program Files (x86)\Jenkins\workspace\TestJob # timeout=10
Fetching upstream changes from https://github.com/ttshmily/serviceapi.git
 > git.exe --version # timeout=10
 > git.exe fetch --tags --progress https://github.com/ttshmily/serviceapi.git +refs/heads/*:refs/remotes/origin/*
 > git.exe config remote.origin.url https://github.com/ttshmily/serviceapi.git # timeout=10
 > git.exe config --add remote.origin.fetch +refs/heads/*:refs/remotes/origin/* # timeout=10
 > git.exe config remote.origin.url https://github.com/ttshmily/serviceapi.git # timeout=10
Fetching upstream changes from https://github.com/ttshmily/serviceapi.git
 > git.exe fetch --tags --progress https://github.com/ttshmily/serviceapi.git +refs/heads/*:refs/remotes/origin/*
 > git.exe rev-parse "refs/remotes/origin/master^{commit}" # timeout=10
 > git.exe rev-parse "refs/remotes/origin/origin/master^{commit}" # timeout=10
Checking out Revision a4100211ec54f5dbf120555572e28849e4a6ca34 (refs/remotes/origin/master)
Commit message: "update"
 > git.exe config core.sparsecheckout # timeout=10
 > git.exe checkout -f a4100211ec54f5dbf120555572e28849e4a6ca34
First time build. Skipping changelog.
[TestJob] $ cmd /c call C:\Windows\TEMP\jenkins1651706957908400832.bat

C:\Program Files (x86)\Jenkins\workspace\TestJob>mvn test -DsuitFilename=all.xml 
[INFO] Scanning for projects...
[INFO]                                                                         
[INFO] ------------------------------------------------------------------------
[INFO] Building serviceapi 1.0-SNAPSHOT
[INFO] ------------------------------------------------------------------------
[INFO] 
[INFO] --- maven-resources-plugin:3.0.2:resources (default-resources) @ serviceapi ---
[WARNING] Using platform encoding (UTF8 actually) to copy filtered resources, i.e. build is platform dependent!
[INFO] skip non existing resourceDirectory C:\Program Files (x86)\Jenkins\workspace\TestJob\src\main\resources
[INFO] 
[INFO] --- maven-compiler-plugin:3.6.1:compile (default-compile) @ serviceapi ---
[INFO] No sources to compile
[INFO] 
[INFO] --- maven-resources-plugin:3.0.2:testResources (default-testResources) @ serviceapi ---
[WARNING] Using platform encoding (UTF8 actually) to copy filtered resources, i.e. build is platform dependent!
[INFO] Copying 3 resources
[INFO] Copying 4 resources
[INFO] 
[INFO] --- maven-compiler-plugin:3.6.1:testCompile (default-testCompile) @ serviceapi ---
[INFO] Changes detected - recompiling the module!
[WARNING] File encoding has not been set, using platform encoding UTF8, i.e. build is platform dependent!
[INFO] Compiling 85 source files to C:\Program Files (x86)\Jenkins\workspace\TestJob\target\test-classes
[INFO] /C:/Program Files (x86)/Jenkins/workspace/TestJob/src/test/java/com/mingyizhudao/qa/testcase/doctor/UpdateDoctorProfile.java: æŸäº›è¾“å…¥æ–‡ä»¶ä½¿ç”¨äº†æœªç»æ£€æŸ¥æˆ–ä¸å®‰å…¨çš„æ“ä½œã€‚
[INFO] /C:/Program Files (x86)/Jenkins/workspace/TestJob/src/test/java/com/mingyizhudao/qa/testcase/doctor/UpdateDoctorProfile.java: æœ‰å…³è¯¦ç»†ä¿¡æ¯, è¯·ä½¿ç”¨ -Xlint:unchecked é‡æ–°ç¼–è¯‘ã€‚
[INFO] 
[INFO] --- maven-surefire-plugin:2.19.1:test (default-test) @ serviceapi ---

-------------------------------------------------------
 T E S T S
-------------------------------------------------------
Picked up JAVA_TOOL_OPTIONS: -Dfile.encoding=UTF8

Results :

Tests run: 0, Failures: 0, Errors: 0, Skipped: 0

[INFO] ------------------------------------------------------------------------
[INFO] BUILD FAILURE
[INFO] ------------------------------------------------------------------------
[INFO] Total time: 11.405 s
[INFO] Finished at: 2017-06-30T10:56:15+08:00
[INFO] Final Memory: 19M/178M
[INFO] ------------------------------------------------------------------------
[ERROR] Failed to execute goal org.apache.maven.plugins:maven-surefire-plugin:2.19.1:test (default-test) on project serviceapi: Execution default-test of goal org.apache.maven.plugins:maven-surefire-plugin:2.19.1:test failed: There was an error in the forked process
[ERROR] org.apache.maven.surefire.testset.TestSetFailedException: Suite file C:\Program Files (x86)\Jenkins\workspace\TestJob\src\test\resources\config-test\${suiteFilename} is not a valid file
[ERROR] at org.apache.maven.surefire.testng.TestNGXmlTestSuite.locateTestSets(TestNGXmlTestSuite.java:98)
[ERROR] at org.apache.maven.surefire.testng.TestNGProvider.invoke(TestNGProvider.java:120)
[ERROR] at org.apache.maven.surefire.booter.ForkedBooter.invokeProviderInSameClassLoader(ForkedBooter.java:290)
[ERROR] at org.apache.maven.surefire.booter.ForkedBooter.runSuitesInProcess(ForkedBooter.java:242)
[ERROR] at org.apache.maven.surefire.booter.ForkedBooter.main(ForkedBooter.java:121)
[ERROR] -> [Help 1]
[ERROR] 
[ERROR] To see the full stack trace of the errors, re-run Maven with the -e switch.
[ERROR] Re-run Maven using the -X switch to enable full debug logging.
[ERROR] 
[ERROR] For more information about the errors and possible solutions, please read the following articles:
[ERROR] [Help 1] http://cwiki.apache.org/confluence/display/MAVEN/PluginExecutionException
Picked up JAVA_TOOL_OPTIONS: -Dfile.encoding=UTF8
Build step 'Execute Windows batch command' marked build as failure
Finished: FAILURE
