Started by user [8mha:////4P0s7hGjA9VljF4c+Hu91PaVlAz/nad31wngZ9nOeP3iAAAAlx+LCAAAAAAAAP9b85aBtbiIQTGjNKU4P08vOT+vOD8nVc83PyU1x6OyILUoJzMv2y+/JJUBAhiZGBgqihhk0NSjKDWzXb3RdlLBUSYGJk8GtpzUvPSSDB8G5tKinBIGIZ+sxLJE/ZzEvHT94JKizLx0a6BxUmjGOUNodHsLgAzWEgZu/dLi1CJ9x5TczDwAi45d7MAAAAA=[0madmin
[EnvInject] - Loading node environment variables.
Building in workspace C:\Program Files (x86)\Jenkins\workspace\TestJob
 > git.exe rev-parse --is-inside-work-tree # timeout=10
Fetching changes from the remote Git repository
 > git.exe config remote.origin.url https://github.com/ttshmily/serviceapi.git # timeout=10
Fetching upstream changes from https://github.com/ttshmily/serviceapi.git
 > git.exe --version # timeout=10
 > git.exe fetch --tags --progress https://github.com/ttshmily/serviceapi.git +refs/heads/*:refs/remotes/origin/*
 > git.exe rev-parse "refs/remotes/origin/dev^{commit}" # timeout=10
 > git.exe rev-parse "refs/remotes/origin/origin/dev^{commit}" # timeout=10
Checking out Revision 88b4f6105e2fe0029b455c0905b4f7203f99deb3 (refs/remotes/origin/dev)
Commit message: "src/test/java/com/mingyizhudao/qa/testcase/doctor/GetDoctorProfile.java"
 > git.exe config core.sparsecheckout # timeout=10
 > git.exe checkout -f 88b4f6105e2fe0029b455c0905b4f7203f99deb3
 > git.exe rev-list 88b4f6105e2fe0029b455c0905b4f7203f99deb3 # timeout=10
[TestJob] $ cmd /c call C:\Windows\TEMP\jenkins7348743397017539136.bat

C:\Program Files (x86)\Jenkins\workspace\TestJob>mvn test -DsuiteFilename = all.xml 
[INFO] Scanning for projects...
[INFO]                                                                         
[INFO] ------------------------------------------------------------------------
[INFO] Building serviceapi 1.0-SNAPSHOT
[INFO] ------------------------------------------------------------------------
[INFO] ------------------------------------------------------------------------
[INFO] BUILD FAILURE
[INFO] ------------------------------------------------------------------------
[INFO] Total time: 0.079 s
[INFO] Finished at: 2017-07-19T11:30:22+08:00
[INFO] Final Memory: 5M/121M
[INFO] ------------------------------------------------------------------------
[ERROR] Unknown lifecycle phase "=". You must specify a valid lifecycle phase or a goal in the format <plugin-prefix>:<goal> or <plugin-group-id>:<plugin-artifact-id>[:<plugin-version>]:<goal>. Available lifecycle phases are: validate, initialize, generate-sources, process-sources, generate-resources, process-resources, compile, process-classes, generate-test-sources, process-test-sources, generate-test-resources, process-test-resources, test-compile, process-test-classes, test, prepare-package, package, pre-integration-test, integration-test, post-integration-test, verify, install, deploy, pre-clean, clean, post-clean, pre-site, site, post-site, site-deploy. -> [Help 1]
[ERROR] 
[ERROR] To see the full stack trace of the errors, re-run Maven with the -e switch.
[ERROR] Re-run Maven using the -X switch to enable full debug logging.
[ERROR] 
[ERROR] For more information about the errors and possible solutions, please read the following articles:
[ERROR] [Help 1] http://cwiki.apache.org/confluence/display/MAVEN/LifecyclePhaseNotFoundException
Picked up JAVA_TOOL_OPTIONS: -Dfile.encoding=UTF8
Build step 'Execute Windows batch command' marked build as failure
Recording test results
ERROR: Step ‚ÄòPublish JUnit test result report‚Äô failed: Test reports were found but none of them are new. Did tests run? 
For example, C:\Program Files (x86)\Jenkins\workspace\TestJob\pom.xml is 8 days 18 Â∞èÊó∂ old

[8mha:////4OdUEiXNus/fjvSg6mLQ+8k3SMsJNX7SwJsDtvVyRvCcAAAAVx+LCAAAAAAAAP9b85aBtbiIQSmjNKU4P08vOT+vOD8nVc8DzHWtSE4tKMnMz/PLL0mV3NWzufebKBsTA0NFEYMUmgZnCA1SyAABjCCFBQC2xNaiYAAAAA==[0mFinished: FAILURE
